<?xml version="1.0" encoding="UTF-8"?>
<!-- Generated by org.testng.reporters.JUnitXMLReporter -->
<testsuite ignored="0" hostname="LIN80017360" failures="0" tests="1" name="Test positive" time="0.015" errors="0" timestamp="2020-07-31T16:57:50 IST">
  <testcase classname="com.MyTests.SignUpFlowPositiveTest" name="@BeforeTest intitalize" time="0.0">
    <failure type="java.lang.NullPointerException">
      <![CDATA[java.lang.NullPointerException
at com.resources.TestBase.initializeDriver(TestBase.java:32)
at com.MyTests.SignUpFlowPositiveTest.intitalize(SignUpFlowPositiveTest.java:33)
... Removed 24 stack frames]]>
    </failure>
  </testcase> <!-- @BeforeTest intitalize -->
  <testcase classname="com.MyTests.SignUpFlowPositiveTest" name="@AfterTest tearDown" time="-1.596194870215E9">
    <skipped/>
  </testcase> <!-- @AfterTest tearDown -->
  <testcase classname="com.MyTests.SignUpFlowPositiveTest" name="signUpPositive" time="0.0">
    <skipped/>
  </testcase> <!-- signUpPositive -->
</testsuite> <!-- Test positive -->
