<?xml version="1.0" encoding="UTF-8"?>
<!-- Generated by org.testng.reporters.JUnitXMLReporter -->
<testsuite ignored="0" hostname="LIN80017360" failures="1" tests="1" name="Test Negative" time="31.882" errors="0" timestamp="2020-07-23T22:17:45 IST">
  <testcase classname="com.MyTests.SignUpFlowNegativeTest" name="signUpNegative" time="6.739">
    <failure type="junit.framework.ComparisonFailure" message="expected:&amp;lt;...es&amp;gt; but was:&amp;lt;...&amp;gt;">
      <![CDATA[junit.framework.ComparisonFailure: expected:<...es> but was:<...>
at junit.framework.Assert.assertEquals(Assert.java:81)
at junit.framework.Assert.assertEquals(Assert.java:87)
at com.MyTests.SignUpFlowNegativeTest.signUpNegative(SignUpFlowNegativeTest.java:61)
at java.base/java.util.ArrayList.forEach(ArrayList.java:1540)
... Removed 27 stack frames]]>
    </failure>
  </testcase> <!-- signUpNegative -->
</testsuite> <!-- Test Negative -->
