<?xml version="1.0" encoding="UTF-8"?>
<testng-results ignored="0" total="1" passed="1" failed="0" skipped="0">
  <reporter-output>
  </reporter-output>
  <suite started-at="2020-07-31T17:48:40 IST" name="Suite1" finished-at="2020-07-31T17:48:53 IST" duration-ms="13176">
    <groups>
    </groups>
    <test started-at="2020-07-31T17:48:40 IST" name="Nopackage" finished-at="2020-07-31T17:48:53 IST" duration-ms="13176">
      <class name="com.MyTests.SignUpFlowPositiveTest">
        <test-method is-config="true" signature="initializeDriver(java.lang.String)[pri:0, instance:com.MyTests.SignUpFlowPositiveTest@29ca3d04]" started-at="2020-07-31T17:48:36 IST" name="initializeDriver" finished-at="2020-07-31T17:48:40 IST" duration-ms="3421" status="PASS">
          <params>
            <param index="0">
              <value>
                <![CDATA[chrome]]>
              </value>
            </param>
          </params>
          <reporter-output>
          </reporter-output>
        </test-method> <!-- initializeDriver -->
        <test-method is-config="true" signature="intitalize()[pri:0, instance:com.MyTests.SignUpFlowPositiveTest@29ca3d04]" started-at="2020-07-31T17:48:40 IST" name="intitalize" finished-at="2020-07-31T17:48:45 IST" duration-ms="5153" status="PASS">
          <reporter-output>
          </reporter-output>
        </test-method> <!-- intitalize -->
        <test-method signature="signUpPositive()[pri:0, instance:com.MyTests.SignUpFlowPositiveTest@29ca3d04]" started-at="2020-07-31T17:48:45 IST" name="signUpPositive" finished-at="2020-07-31T17:48:52 IST" duration-ms="7218" status="PASS">
          <reporter-output>
          </reporter-output>
        </test-method> <!-- signUpPositive -->
        <test-method is-config="true" signature="tearDown()[pri:0, instance:com.MyTests.SignUpFlowPositiveTest@29ca3d04]" started-at="2020-07-31T17:48:52 IST" name="tearDown" finished-at="2020-07-31T17:48:53 IST" duration-ms="742" status="PASS">
          <reporter-output>
          </reporter-output>
        </test-method> <!-- tearDown -->
      </class> <!-- com.MyTests.SignUpFlowPositiveTest -->
    </test> <!-- Nopackage -->
  </suite> <!-- Suite1 -->
</testng-results>
