<?xml version="1.0" encoding="UTF-8"?>
<testng-results ignored="0" total="2" passed="1" failed="1" skipped="0">
  <reporter-output>
  </reporter-output>
  <suite started-at="2020-07-23T22:17:13 IST" name="Suite" finished-at="2020-07-23T22:18:09 IST" duration-ms="56882">
    <groups>
    </groups>
    <test started-at="2020-07-23T22:17:13 IST" name="Test Negative" finished-at="2020-07-23T22:17:44 IST" duration-ms="31882">
      <class name="com.MyTests.SignUpFlowNegativeTest">
        <test-method is-config="true" signature="intitalize()[pri:0, instance:com.MyTests.SignUpFlowNegativeTest@5dcd8c7a]" started-at="2020-07-23T22:17:13 IST" name="intitalize" finished-at="2020-07-23T22:17:36 IST" duration-ms="23787" status="PASS">
          <reporter-output>
          </reporter-output>
        </test-method> <!-- intitalize -->
        <test-method signature="signUpNegative()[pri:0, instance:com.MyTests.SignUpFlowNegativeTest@5dcd8c7a]" started-at="2020-07-23T22:17:36 IST" name="signUpNegative" finished-at="2020-07-23T22:17:43 IST" duration-ms="6739" status="FAIL">
          <exception class="junit.framework.ComparisonFailure">
            <message>
              <![CDATA[expected:<...es> but was:<...>]]>
            </message>
            <full-stacktrace>
              <![CDATA[junit.framework.ComparisonFailure: expected:<...es> but was:<...>
at junit.framework.Assert.assertEquals(Assert.java:81)
at junit.framework.Assert.assertEquals(Assert.java:87)
at com.MyTests.SignUpFlowNegativeTest.signUpNegative(SignUpFlowNegativeTest.java:61)
at java.base/jdk.internal.reflect.NativeMethodAccessorImpl.invoke0(Native Method)
at java.base/jdk.internal.reflect.NativeMethodAccessorImpl.invoke(NativeMethodAccessorImpl.java:62)
at java.base/jdk.internal.reflect.DelegatingMethodAccessorImpl.invoke(DelegatingMethodAccessorImpl.java:43)
at java.base/java.lang.reflect.Method.invoke(Method.java:567)
at org.testng.internal.MethodInvocationHelper.invokeMethod(MethodInvocationHelper.java:134)
at org.testng.internal.TestInvoker.invokeMethod(TestInvoker.java:597)
at org.testng.internal.TestInvoker.invokeTestMethod(TestInvoker.java:173)
at org.testng.internal.MethodRunner.runInSequence(MethodRunner.java:46)
at org.testng.internal.TestInvoker$MethodInvocationAgent.invoke(TestInvoker.java:816)
at org.testng.internal.TestInvoker.invokeTestMethods(TestInvoker.java:146)
at org.testng.internal.TestMethodWorker.invokeTestMethods(TestMethodWorker.java:146)
at org.testng.internal.TestMethodWorker.run(TestMethodWorker.java:128)
at java.base/java.util.ArrayList.forEach(ArrayList.java:1540)
at org.testng.TestRunner.privateRun(TestRunner.java:766)
at org.testng.TestRunner.run(TestRunner.java:587)
at org.testng.SuiteRunner.runTest(SuiteRunner.java:384)
at org.testng.SuiteRunner.runSequentially(SuiteRunner.java:378)
at org.testng.SuiteRunner.privateRun(SuiteRunner.java:337)
at org.testng.SuiteRunner.run(SuiteRunner.java:286)
at org.testng.SuiteRunnerWorker.runSuite(SuiteRunnerWorker.java:53)
at org.testng.SuiteRunnerWorker.run(SuiteRunnerWorker.java:96)
at org.testng.TestNG.runSuitesSequentially(TestNG.java:1187)
at org.testng.TestNG.runSuitesLocally(TestNG.java:1109)
at org.testng.TestNG.runSuites(TestNG.java:1039)
at org.testng.TestNG.run(TestNG.java:1007)
at org.testng.remote.AbstractRemoteTestNG.run(AbstractRemoteTestNG.java:115)
at org.testng.remote.RemoteTestNG.initAndRun(RemoteTestNG.java:251)
at org.testng.remote.RemoteTestNG.main(RemoteTestNG.java:77)
]]>
            </full-stacktrace>
          </exception> <!-- junit.framework.ComparisonFailure -->
          <reporter-output>
          </reporter-output>
        </test-method> <!-- signUpNegative -->
        <test-method is-config="true" signature="tearDown()[pri:0, instance:com.MyTests.SignUpFlowNegativeTest@5dcd8c7a]" started-at="2020-07-23T22:17:44 IST" name="tearDown" finished-at="2020-07-23T22:17:44 IST" duration-ms="337" status="PASS">
          <reporter-output>
          </reporter-output>
        </test-method> <!-- tearDown -->
      </class> <!-- com.MyTests.SignUpFlowNegativeTest -->
    </test> <!-- Test Negative -->
    <test started-at="2020-07-23T22:17:45 IST" name="Test positive" finished-at="2020-07-23T22:18:09 IST" duration-ms="24548">
      <class name="com.MyTests.SignUpFlowPositiveTest">
        <test-method is-config="true" signature="intitalize()[pri:0, instance:com.MyTests.SignUpFlowPositiveTest@16c63f5]" started-at="2020-07-23T22:17:45 IST" name="intitalize" finished-at="2020-07-23T22:18:02 IST" duration-ms="17116" status="PASS">
          <reporter-output>
          </reporter-output>
        </test-method> <!-- intitalize -->
        <test-method signature="signUpPositive()[pri:0, instance:com.MyTests.SignUpFlowPositiveTest@16c63f5]" started-at="2020-07-23T22:18:02 IST" name="signUpPositive" finished-at="2020-07-23T22:18:09 IST" duration-ms="7084" status="PASS">
          <reporter-output>
          </reporter-output>
        </test-method> <!-- signUpPositive -->
        <test-method is-config="true" signature="tearDown()[pri:0, instance:com.MyTests.SignUpFlowPositiveTest@16c63f5]" started-at="2020-07-23T22:18:09 IST" name="tearDown" finished-at="2020-07-23T22:18:09 IST" duration-ms="343" status="PASS">
          <reporter-output>
          </reporter-output>
        </test-method> <!-- tearDown -->
      </class> <!-- com.MyTests.SignUpFlowPositiveTest -->
    </test> <!-- Test positive -->
  </suite> <!-- Suite -->
</testng-results>
